[!][0m File limit is lower than default batch size. Consider upping with --ulimit. May cause harm to sensitive servers
[!][0m Your file limit is very small, which negatively impacts RustScan's speed. Use the Docker image, or up the Ulimit with '--ulimit 5000'. 
Open 192.168.1.204:22
[~][0m Starting Script(s)
[~][0m Starting Nmap 7.95 ( https://nmap.org ) at 2025-05-31 22:38 CEST
Initiating ARP Ping Scan at 22:38
Scanning 192.168.1.204 [1 port]
Completed ARP Ping Scan at 22:38, 0.06s elapsed (1 total hosts)
Initiating Parallel DNS resolution of 1 host. at 22:38
Completed Parallel DNS resolution of 1 host. at 22:38, 0.00s elapsed
DNS resolution of 1 IPs took 0.00s. Mode: Async [#: 1, OK: 1, NX: 0, DR: 0, SF: 0, TR: 1, CN: 0]
Initiating SYN Stealth Scan at 22:38
Scanning syshard.lan (192.168.1.204) [1 port]
Discovered open port 22/tcp on 192.168.1.204
Completed SYN Stealth Scan at 22:38, 0.03s elapsed (1 total ports)
Nmap scan report for syshard.lan (192.168.1.204)
Host is up, received arp-response (0.00040s latency).
Scanned at 2025-05-31 22:38:56 CEST for 0s

PORT   STATE SERVICE REASON
22/tcp open  ssh     syn-ack ttl 64
MAC Address: BC:24:11:8C:62:5B (Proxmox Server Solutions GmbH)

Read data files from: /usr/share/nmap
Nmap done: 1 IP address (1 host up) scanned in 0.24 seconds
           Raw packets sent: 2 (72B) | Rcvd: 2 (72B)

